2023-12-06T02:46:02.000000Z 4979 [Warning] UPDATE products SET price = 41 WHERE id = 403
2023-12-29T00:46:41.000000Z 8147 [Warning] DELETE FROM sessions WHERE expired = 1
2023-12-13T12:14:02.000000Z 1909 [Note] DELETE FROM sessions WHERE expired = 1
2023-12-24T21:51:44.000000Z 5222 [Note] INSERT INTO logs (message) VALUES ('test474')
2023-12-15T04:14:50.000000Z 6504 [Note] DELETE FROM sessions WHERE expired = 1
2023-12-17T07:27:22.000000Z 6307 [Error] INSERT INTO logs (message) VALUES ('test758')
2023-12-25T12:47:17.000000Z 5080 [Note] UPDATE products SET price = 54 WHERE id = 459
2023-12-22T13:24:49.000000Z 4066 [Warning] DELETE FROM sessions WHERE expired = 1
2023-12-04T12:42:41.000000Z 3970 [Note] DELETE FROM sessions WHERE expired = 1
2023-12-04T06:48:59.000000Z 5146 [Error] SELECT * FROM users WHERE id = 817
2023-12-21T00:33:16.000000Z 6379 [Warning] SELECT * FROM users WHERE id = 493
2023-12-15T14:32:35.000000Z 1531 [Warning] DELETE FROM sessions WHERE expired = 1
2023-12-19T02:39:15.000000Z 4755 [Warning] SELECT * FROM users WHERE id = 995
2023-12-02T12:17:15.000000Z 8016 [Error] INSERT INTO logs (message) VALUES ('test72')
2023-12-07T10:32:07.000000Z 6419 [Error] SELECT * FROM users WHERE id = 25
2023-12-26T14:04:41.000000Z 2614 [Warning] UPDATE products SET price = 17 WHERE id = 256
2023-12-02T11:16:09.000000Z 4709 [Error] INSERT INTO logs (message) VALUES ('test745')
2023-12-21T00:49:08.000000Z 9427 [Error] DELETE FROM sessions WHERE expired = 1
2023-12-05T15:25:48.000000Z 5280 [Error] INSERT INTO logs (message) VALUES ('test262')
2023-12-24T06:11:11.000000Z 4178 [Error] INSERT INTO logs (message) VALUES ('test430')
2023-12-08T04:14:29.000000Z 3382 [Note] UPDATE products SET price = 41 WHERE id = 180
2023-12-18T09:27:28.000000Z 5724 [Error] UPDATE products SET price = 77 WHERE id = 32
2023-12-11T13:42:48.000000Z 6680 [Error] UPDATE products SET price = 84 WHERE id = 329
2023-12-23T06:38:34.000000Z 5105 [Warning] INSERT INTO logs (message) VALUES ('test963')
2023-12-28T23:28:54.000000Z 4016 [Warning] INSERT INTO logs (message) VALUES ('test692')
2023-12-21T04:02:00.000000Z 2359 [Note] INSERT INTO logs (message) VALUES ('test542')
2023-12-13T22:08:32.000000Z 5779 [Warning] SELECT * FROM users WHERE id = 776
2023-12-30T16:08:17.000000Z 4118 [Note] SELECT * FROM users WHERE id = 435
2023-12-16T05:04:20.000000Z 9248 [Warning] UPDATE products SET price = 41 WHERE id = 267
2023-12-26T19:31:05.000000Z 2886 [Note] INSERT INTO logs (message) VALUES ('test516')
2023-12-18T19:28:39.000000Z 8421 [Error] SELECT * FROM users WHERE id = 324
2023-12-26T09:35:31.000000Z 6466 [Warning] SELECT * FROM users WHERE id = 988
2023-12-13T17:21:05.000000Z 8179 [Error] DELETE FROM sessions WHERE expired = 1
2023-12-11T06:20:01.000000Z 8108 [Note] SELECT * FROM users WHERE id = 426
2023-12-20T14:04:33.000000Z 2107 [Note] DELETE FROM sessions WHERE expired = 1
2023-12-11T22:20:20.000000Z 7243 [Warning] SELECT * FROM users WHERE id = 665
2023-12-28T14:35:22.000000Z 6299 [Warning] UPDATE products SET price = 85 WHERE id = 341
2023-12-14T21:26:50.000000Z 1449 [Note] SELECT * FROM users WHERE id = 826
2023-12-07T09:01:20.000000Z 4494 [Error] UPDATE products SET price = 12 WHERE id = 212
2023-12-09T13:50:22.000000Z 8905 [Note] SELECT * FROM users WHERE id = 890
2023-12-11T08:14:41.000000Z 4553 [Note] DELETE FROM sessions WHERE expired = 1
2023-12-20T10:52:54.000000Z 3866 [Note] SELECT * FROM users WHERE id = 63
2023-12-08T22:08:42.000000Z 7673 [Warning] SELECT * FROM users WHERE id = 24
2023-12-16T01:16:08.000000Z 4783 [Warning] SELECT * FROM users WHERE id = 840
2023-12-02T07:14:13.000000Z 2051 [Note] UPDATE products SET price = 79 WHERE id = 457
2023-12-09T19:08:08.000000Z 1536 [Warning] INSERT INTO logs (message) VALUES ('test254')
2023-12-25T08:58:36.000000Z 6490 [Note] SELECT * FROM users WHERE id = 67
2023-12-10T07:28:12.000000Z 7505 [Note] DELETE FROM sessions WHERE expired = 1
2023-12-16T16:45:30.000000Z 8082 [Note] INSERT INTO logs (message) VALUES ('test940')
2023-12-18T22:28:02.000000Z 9712 [Warning] SELECT * FROM users WHERE id = 188
2023-12-02T16:59:25.000000Z 2465 [Note] SELECT * FROM users WHERE id = 955
2023-12-15T11:58:30.000000Z 3142 [Warning] UPDATE products SET price = 15 WHERE id = 406
2023-12-08T21:23:48.000000Z 6801 [Error] DELETE FROM sessions WHERE expired = 1
2023-12-02T05:41:44.000000Z 2788 [Note] DELETE FROM sessions WHERE expired = 1
2023-12-23T01:58:56.000000Z 4778 [Warning] INSERT INTO logs (message) VALUES ('test901')
2023-12-28T06:01:28.000000Z 9790 [Warning] SELECT * FROM users WHERE id = 323
2023-12-30T10:33:33.000000Z 5605 [Warning] UPDATE products SET price = 96 WHERE id = 398
2023-12-24T18:29:15.000000Z 2270 [Error] UPDATE products SET price = 20 WHERE id = 278
2023-12-18T21:40:20.000000Z 6153 [Error] SELECT * FROM users WHERE id = 903
2023-12-09T15:13:37.000000Z 4560 [Note] DELETE FROM sessions WHERE expired = 1
2023-12-20T13:14:03.000000Z 5590 [Error] SELECT * FROM users WHERE id = 536
2023-12-27T14:14:51.000000Z 4313 [Error] SELECT * FROM users WHERE id = 46
2023-12-04T22:57:06.000000Z 7971 [Error] DELETE FROM sessions WHERE expired = 1
2023-12-16T23:11:43.000000Z 7823 [Note] SELECT * FROM users WHERE id = 867
2023-12-16T15:34:21.000000Z 1473 [Error] UPDATE products SET price = 77 WHERE id = 196
2023-12-22T11:33:19.000000Z 4249 [Error] INSERT INTO logs (message) VALUES ('test75')
2023-12-23T19:09:36.000000Z 8130 [Error] INSERT INTO logs (message) VALUES ('test17')
2023-12-04T04:22:35.000000Z 5333 [Warning] UPDATE products SET price = 98 WHERE id = 287
2023-12-25T02:03:04.000000Z 2638 [Warning] INSERT INTO logs (message) VALUES ('test830')
2023-12-28T11:18:29.000000Z 7447 [Note] SELECT * FROM users WHERE id = 104
2023-12-09T17:52:22.000000Z 8402 [Error] SELECT * FROM users WHERE id = 485
2023-12-17T17:57:34.000000Z 3244 [Warning] UPDATE products SET price = 30 WHERE id = 374
2023-12-04T10:49:39.000000Z 6516 [Error] INSERT INTO logs (message) VALUES ('test513')
2023-12-05T16:43:00.000000Z 1037 [Note] DELETE FROM sessions WHERE expired = 1
2023-12-27T02:05:55.000000Z 1717 [Warning] SELECT * FROM users WHERE id = 841
2023-12-24T20:46:10.000000Z 6803 [Note] DELETE FROM sessions WHERE expired = 1
2023-12-18T13:39:19.000000Z 5152 [Note] INSERT INTO logs (message) VALUES ('test672')
2023-12-02T03:45:08.000000Z 1363 [Note] INSERT INTO logs (message) VALUES ('test80')
2023-12-12T13:44:18.000000Z 9066 [Error] SELECT * FROM users WHERE id = 86
2023-12-17T04:08:00.000000Z 7630 [Warning] INSERT INTO logs (message) VALUES ('test832')
2023-12-28T06:08:38.000000Z 1243 [Error] DELETE FROM sessions WHERE expired = 1
2023-12-16T23:54:17.000000Z 6804 [Warning] INSERT INTO logs (message) VALUES ('test517')
2023-12-25T21:48:22.000000Z 6268 [Note] INSERT INTO logs (message) VALUES ('test152')
2023-12-13T09:24:22.000000Z 5394 [Error] SELECT * FROM users WHERE id = 215
2023-12-20T08:37:55.000000Z 7966 [Warning] DELETE FROM sessions WHERE expired = 1
2023-12-08T14:17:07.000000Z 9712 [Warning] UPDATE products SET price = 94 WHERE id = 453
2023-12-27T20:43:42.000000Z 6662 [Error] SELECT * FROM users WHERE id = 11
2023-12-22T00:06:23.000000Z 4827 [Error] UPDATE products SET price = 96 WHERE id = 116
2023-12-24T17:55:45.000000Z 2606 [Warning] INSERT INTO logs (message) VALUES ('test903')
2023-12-12T10:22:14.000000Z 7178 [Note] DELETE FROM sessions WHERE expired = 1
2023-12-17T14:00:05.000000Z 2767 [Warning] DELETE FROM sessions WHERE expired = 1
2023-12-17T19:59:53.000000Z 1579 [Error] UPDATE products SET price = 67 WHERE id = 193
2023-12-26T07:54:06.000000Z 1746 [Error] DELETE FROM sessions WHERE expired = 1
2023-12-02T21:12:02.000000Z 5175 [Error] SELECT * FROM users WHERE id = 35
2023-12-03T02:59:07.000000Z 2420 [Warning] UPDATE products SET price = 42 WHERE id = 462
2023-12-13T07:42:56.000000Z 3447 [Error] UPDATE products SET price = 13 WHERE id = 493
2023-12-09T23:47:49.000000Z 8603 [Note] SELECT * FROM users WHERE id = 153
2023-12-12T08:54:56.000000Z 5405 [Error] UPDATE products SET price = 99 WHERE id = 147
2023-12-20T16:36:01.000000Z 6163 [Warning] UPDATE products SET price = 37 WHERE id = 424
2023-12-07T21:48:23.000000Z 9281 [Note] SELECT * FROM users WHERE id = 792
2023-12-11T08:04:15.000000Z 9812 [Error] UPDATE products SET price = 98 WHERE id = 500
2023-12-24T17:11:26.000000Z 9047 [Warning] SELECT * FROM users WHERE id = 696
2023-12-25T05:37:29.000000Z 5619 [Note] INSERT INTO logs (message) VALUES ('test376')
2023-12-14T08:01:26.000000Z 2909 [Error] SELECT * FROM users WHERE id = 71
2023-12-14T04:48:43.000000Z 3827 [Error] UPDATE products SET price = 66 WHERE id = 113
2023-12-18T18:29:34.000000Z 4034 [Note] SELECT * FROM users WHERE id = 675
2023-12-28T07:02:45.000000Z 2580 [Error] UPDATE products SET price = 75 WHERE id = 42
2023-12-15T02:16:12.000000Z 1487 [Error] INSERT INTO logs (message) VALUES ('test374')
2023-12-18T09:31:48.000000Z 3795 [Note] INSERT INTO logs (message) VALUES ('test704')
2023-12-30T14:30:13.000000Z 4464 [Note] DELETE FROM sessions WHERE expired = 1
2023-12-08T21:23:58.000000Z 1844 [Note] DELETE FROM sessions WHERE expired = 1
2023-12-14T10:51:43.000000Z 6907 [Note] DELETE FROM sessions WHERE expired = 1
2023-12-22T20:35:13.000000Z 7377 [Note] SELECT * FROM users WHERE id = 799
2023-12-27T04:48:30.000000Z 5846 [Error] INSERT INTO logs (message) VALUES ('test69')
2023-12-16T22:43:09.000000Z 1417 [Warning] UPDATE products SET price = 21 WHERE id = 479
2023-12-23T23:12:08.000000Z 9543 [Warning] UPDATE products SET price = 13 WHERE id = 23
2023-12-06T20:32:21.000000Z 6206 [Note] UPDATE products SET price = 90 WHERE id = 4
2023-12-23T13:13:33.000000Z 9660 [Note] SELECT * FROM users WHERE id = 803
2023-12-28T13:45:29.000000Z 4144 [Note] UPDATE products SET price = 42 WHERE id = 358
2023-12-27T16:54:50.000000Z 9146 [Note] DELETE FROM sessions WHERE expired = 1
2023-12-11T20:02:04.000000Z 2869 [Error] INSERT INTO logs (message) VALUES ('test123')
2023-12-11T11:18:12.000000Z 5956 [Error] UPDATE products SET price = 18 WHERE id = 93
2023-12-24T09:11:14.000000Z 6721 [Note] INSERT INTO logs (message) VALUES ('test536')
2023-12-23T04:01:28.000000Z 8900 [Warning] INSERT INTO logs (message) VALUES ('test136')
2023-12-23T06:10:49.000000Z 8192 [Warning] SELECT * FROM users WHERE id = 341
2023-12-03T22:33:54.000000Z 9659 [Error] DELETE FROM sessions WHERE expired = 1
2023-12-29T18:25:43.000000Z 8001 [Error] UPDATE products SET price = 14 WHERE id = 487
2023-12-20T23:24:33.000000Z 4055 [Warning] DELETE FROM sessions WHERE expired = 1
2023-12-04T20:34:42.000000Z 5103 [Note] DELETE FROM sessions WHERE expired = 1
2023-12-02T04:19:36.000000Z 9919 [Error] INSERT INTO logs (message) VALUES ('test486')
2023-12-23T13:27:24.000000Z 7209 [Note] INSERT INTO logs (message) VALUES ('test764')
2023-12-19T17:48:10.000000Z 2403 [Error] DELETE FROM sessions WHERE expired = 1
2023-12-19T14:08:20.000000Z 1277 [Warning] DELETE FROM sessions WHERE expired = 1
2023-12-25T00:11:45.000000Z 6208 [Error] DELETE FROM sessions WHERE expired = 1
2023-12-18T08:41:20.000000Z 5265 [Warning] INSERT INTO logs (message) VALUES ('test956')
2023-12-11T00:04:18.000000Z 9443 [Warning] UPDATE products SET price = 12 WHERE id = 197
2023-12-06T11:15:21.000000Z 9991 [Warning] SELECT * FROM users WHERE id = 853
2023-12-22T09:16:39.000000Z 3131 [Error] SELECT * FROM users WHERE id = 778
2023-12-23T23:29:03.000000Z 3271 [Error] UPDATE products SET price = 26 WHERE id = 408
2023-12-22T00:46:47.000000Z 5521 [Warning] SELECT * FROM users WHERE id = 590
2023-12-22T17:55:03.000000Z 1484 [Error] DELETE FROM sessions WHERE expired = 1
2023-12-20T14:20:43.000000Z 4436 [Error] INSERT INTO logs (message) VALUES ('test696')
2023-12-22T19:34:31.000000Z 4051 [Note] INSERT INTO logs (message) VALUES ('test95')
2023-12-12T04:14:21.000000Z 7716 [Note] UPDATE products SET price = 94 WHERE id = 339
2023-12-02T07:15:54.000000Z 7397 [Note] UPDATE products SET price = 15 WHERE id = 171
2023-12-30T11:43:48.000000Z 7027 [Note] UPDATE products SET price = 65 WHERE id = 422
2023-12-15T18:50:11.000000Z 6647 [Error] UPDATE products SET price = 74 WHERE id = 28
2023-12-19T14:08:26.000000Z 8651 [Error] SELECT * FROM users WHERE id = 307
2023-12-04T19:24:17.000000Z 5662 [Warning] DELETE FROM sessions WHERE expired = 1
2023-12-09T17:04:08.000000Z 4120 [Warning] INSERT INTO logs (message) VALUES ('test127')
2023-12-09T22:10:34.000000Z 2425 [Error] SELECT * FROM users WHERE id = 998
2023-12-30T12:25:17.000000Z 2695 [Note] SELECT * FROM users WHERE id = 198
2023-12-12T00:45:02.000000Z 6098 [Error] INSERT INTO logs (message) VALUES ('test577')
2023-12-19T18:44:02.000000Z 5700 [Note] UPDATE products SET price = 13 WHERE id = 9
2023-12-02T04:32:14.000000Z 9733 [Error] UPDATE products SET price = 82 WHERE id = 86
2023-12-19T08:09:39.000000Z 1781 [Error] UPDATE products SET price = 49 WHERE id = 381
2023-12-10T14:08:38.000000Z 8138 [Error] UPDATE products SET price = 47 WHERE id = 44
2023-12-17T21:13:13.000000Z 9880 [Note] INSERT INTO logs (message) VALUES ('test915')
2023-12-20T16:59:44.000000Z 8552 [Error] SELECT * FROM users WHERE id = 421
2023-12-03T08:19:48.000000Z 6135 [Warning] UPDATE products SET price = 56 WHERE id = 213
2023-12-17T07:53:17.000000Z 1032 [Note] UPDATE products SET price = 59 WHERE id = 234
2023-12-03T23:46:44.000000Z 8374 [Error] DELETE FROM sessions WHERE expired = 1
2023-12-05T18:40:02.000000Z 8032 [Note] UPDATE products SET price = 15 WHERE id = 38
2023-12-27T09:57:07.000000Z 7191 [Warning] INSERT INTO logs (message) VALUES ('test117')
2023-12-02T12:30:39.000000Z 1556 [Warning] UPDATE products SET price = 47 WHERE id = 48
2023-12-02T11:43:19.000000Z 2486 [Warning] SELECT * FROM users WHERE id = 322
2023-12-18T13:08:03.000000Z 5817 [Error] INSERT INTO logs (message) VALUES ('test793')
2023-12-11T09:06:15.000000Z 8431 [Warning] SELECT * FROM users WHERE id = 849
2023-12-14T17:59:54.000000Z 6625 [Warning] INSERT INTO logs (message) VALUES ('test273')
2023-12-06T13:59:58.000000Z 1277 [Error] UPDATE products SET price = 51 WHERE id = 347
2023-12-15T19:45:08.000000Z 2177 [Error] UPDATE products SET price = 84 WHERE id = 176
2023-12-14T15:25:44.000000Z 6257 [Note] UPDATE products SET price = 77 WHERE id = 143
2023-12-26T15:10:56.000000Z 8761 [Error] SELECT * FROM users WHERE id = 3
2023-12-18T18:56:07.000000Z 3318 [Note] DELETE FROM sessions WHERE expired = 1
2023-12-02T21:31:29.000000Z 1052 [Warning] INSERT INTO logs (message) VALUES ('test119')
2023-12-01T01:28:56.000000Z 3695 [Note] DELETE FROM sessions WHERE expired = 1
2023-12-07T13:05:08.000000Z 3310 [Error] UPDATE products SET price = 89 WHERE id = 460
2023-12-28T04:41:52.000000Z 2397 [Error] DELETE FROM sessions WHERE expired = 1
2023-12-28T04:13:04.000000Z 2663 [Warning] UPDATE products SET price = 56 WHERE id = 297
2023-12-12T22:28:26.000000Z 5040 [Error] INSERT INTO logs (message) VALUES ('test322')
2023-12-06T13:41:06.000000Z 8021 [Warning] INSERT INTO logs (message) VALUES ('test708')
2023-12-11T15:57:46.000000Z 1187 [Note] UPDATE products SET price = 92 WHERE id = 137
2023-12-29T07:07:52.000000Z 4094 [Note] SELECT * FROM users WHERE id = 472
2023-12-12T20:55:09.000000Z 5590 [Note] UPDATE products SET price = 56 WHERE id = 424
2023-12-10T19:10:41.000000Z 2061 [Note] DELETE FROM sessions WHERE expired = 1
2023-12-07T15:08:01.000000Z 8362 [Warning] DELETE FROM sessions WHERE expired = 1
2023-12-11T10:50:24.000000Z 7158 [Note] SELECT * FROM users WHERE id = 723
2023-12-18T17:59:16.000000Z 7274 [Error] INSERT INTO logs (message) VALUES ('test737')
2023-12-24T11:29:52.000000Z 3363 [Warning] INSERT INTO logs (message) VALUES ('test411')
2023-12-20T17:00:13.000000Z 7825 [Note] INSERT INTO logs (message) VALUES ('test17')
2023-12-11T13:28:38.000000Z 7243 [Error] DELETE FROM sessions WHERE expired = 1
2023-12-04T10:18:45.000000Z 7087 [Error] SELECT * FROM users WHERE id = 191
2023-12-28T09:18:59.000000Z 1234 [Warning] DELETE FROM sessions WHERE expired = 1
2023-12-03T17:31:02.000000Z 2160 [Warning] UPDATE products SET price = 61 WHERE id = 475
2023-12-09T01:42:46.000000Z 6596 [Warning] INSERT INTO logs (message) VALUES ('test594')
2023-12-25T14:33:06.000000Z 3228 [Note] UPDATE products SET price = 95 WHERE id = 204
2023-12-18T00:39:45.000000Z 3594 [Warning] SELECT * FROM users WHERE id = 61
2023-12-01T10:07:46.000000Z 5263 [Note] DELETE FROM sessions WHERE expired = 1
2023-12-30T20:46:29.000000Z 1683 [Warning] SELECT * FROM users WHERE id = 914
2023-12-01T14:06:09.000000Z 6361 [Warning] INSERT INTO logs (message) VALUES ('test938')
2023-12-23T09:48:48.000000Z 2352 [Error] UPDATE products SET price = 26 WHERE id = 9
2023-12-14T19:32:57.000000Z 1734 [Error] SELECT * FROM users WHERE id = 939
2023-12-12T11:21:22.000000Z 7117 [Note] DELETE FROM sessions WHERE expired = 1
2023-12-26T13:28:19.000000Z 1737 [Error] UPDATE products SET price = 95 WHERE id = 438
2023-12-29T12:58:38.000000Z 8883 [Warning] UPDATE products SET price = 12 WHERE id = 392
2023-12-22T14:19:30.000000Z 6771 [Error] UPDATE products SET price = 93 WHERE id = 106
2023-12-08T00:52:25.000000Z 8833 [Warning] UPDATE products SET price = 11 WHERE id = 305
2023-12-02T08:49:24.000000Z 8061 [Warning] SELECT * FROM users WHERE id = 998
2023-12-17T06:56:41.000000Z 6602 [Warning] SELECT * FROM users WHERE id = 937
2023-12-19T17:57:38.000000Z 2119 [Warning] SELECT * FROM users WHERE id = 933
2023-12-09T09:01:36.000000Z 7672 [Note] INSERT INTO logs (message) VALUES ('test297')
2023-12-25T06:20:25.000000Z 6366 [Warning] DELETE FROM sessions WHERE expired = 1
2023-12-03T02:58:08.000000Z 1403 [Warning] UPDATE products SET price = 70 WHERE id = 342
2023-12-12T01:19:46.000000Z 4035 [Warning] UPDATE products SET price = 80 WHERE id = 499
2023-12-27T11:44:21.000000Z 8650 [Error] INSERT INTO logs (message) VALUES ('test233')
2023-12-26T03:43:28.000000Z 4173 [Error] UPDATE products SET price = 94 WHERE id = 157
2023-12-01T18:04:42.000000Z 5611 [Note] DELETE FROM sessions WHERE expired = 1
2023-12-16T01:33:02.000000Z 2508 [Error] DELETE FROM sessions WHERE expired = 1
2023-12-18T01:36:32.000000Z 2172 [Warning] INSERT INTO logs (message) VALUES ('test428')
2023-12-15T04:31:22.000000Z 5685 [Warning] INSERT INTO logs (message) VALUES ('test520')
2023-12-11T11:45:52.000000Z 1232 [Error] INSERT INTO logs (message) VALUES ('test917')
2023-12-23T17:08:43.000000Z 2557 [Error] SELECT * FROM users WHERE id = 584
2023-12-20T08:24:45.000000Z 9980 [Error] INSERT INTO logs (message) VALUES ('test467')
2023-12-24T03:07:33.000000Z 3286 [Error] DELETE FROM sessions WHERE expired = 1
2023-12-29T14:54:38.000000Z 5026 [Warning] SELECT * FROM users WHERE id = 102
2023-12-27T15:51:11.000000Z 8729 [Error] UPDATE products SET price = 30 WHERE id = 464
2023-12-06T00:06:30.000000Z 6452 [Note] INSERT INTO logs (message) VALUES ('test25')
2023-12-08T13:45:39.000000Z 3747 [Error] UPDATE products SET price = 44 WHERE id = 19
2023-12-15T22:39:09.000000Z 3789 [Error] SELECT * FROM users WHERE id = 344
2023-12-28T14:02:40.000000Z 3194 [Warning] SELECT * FROM users WHERE id = 559
2023-12-27T10:03:53.000000Z 7988 [Warning] INSERT INTO logs (message) VALUES ('test488')
2023-12-03T22:46:47.000000Z 1509 [Note] SELECT * FROM users WHERE id = 775
2023-12-05T13:36:34.000000Z 8595 [Error] UPDATE products SET price = 97 WHERE id = 213
2023-12-20T03:54:07.000000Z 9348 [Warning] SELECT * FROM users WHERE id = 916
2023-12-08T21:24:06.000000Z 1232 [Note] SELECT * FROM users WHERE id = 31
2023-12-04T14:34:46.000000Z 5599 [Error] SELECT * FROM users WHERE id = 595
2023-12-03T20:32:43.000000Z 1770 [Note] INSERT INTO logs (message) VALUES ('test473')
2023-12-19T11:03:37.000000Z 3186 [Note] DELETE FROM sessions WHERE expired = 1
2023-12-16T18:49:30.000000Z 2916 [Error] INSERT INTO logs (message) VALUES ('test857')
2023-12-21T12:13:57.000000Z 5293 [Warning] INSERT INTO logs (message) VALUES ('test783')
2023-12-12T09:15:28.000000Z 1575 [Error] DELETE FROM sessions WHERE expired = 1
2023-12-17T20:54:25.000000Z 5982 [Warning] DELETE FROM sessions WHERE expired = 1
2023-12-05T09:49:35.000000Z 3183 [Error] INSERT INTO logs (message) VALUES ('test644')
2023-12-06T16:08:01.000000Z 3495 [Error] SELECT * FROM users WHERE id = 816
2023-12-21T17:42:46.000000Z 1940 [Warning] DELETE FROM sessions WHERE expired = 1
2023-12-12T02:01:14.000000Z 2643 [Error] UPDATE products SET price = 84 WHERE id = 465
2023-12-18T17:53:58.000000Z 6401 [Warning] INSERT INTO logs (message) VALUES ('test776')
2023-12-19T10:26:58.000000Z 2894 [Note] SELECT * FROM users WHERE id = 652
2023-12-18T04:18:09.000000Z 2444 [Error] INSERT INTO logs (message) VALUES ('test687')
2023-12-01T04:52:31.000000Z 5047 [Warning] DELETE FROM sessions WHERE expired = 1
2023-12-07T06:35:45.000000Z 4580 [Warning] SELECT * FROM users WHERE id = 1000
2023-12-27T01:39:55.000000Z 7751 [Warning] DELETE FROM sessions WHERE expired = 1
2023-12-27T12:40:36.000000Z 5380 [Error] DELETE FROM sessions WHERE expired = 1
2023-12-17T06:37:11.000000Z 8733 [Note] INSERT INTO logs (message) VALUES ('test614')
2023-12-20T17:52:29.000000Z 3189 [Error] UPDATE products SET price = 76 WHERE id = 464
2023-12-17T21:56:01.000000Z 2316 [Error] INSERT INTO logs (message) VALUES ('test528')
2023-12-19T22:13:23.000000Z 4865 [Note] INSERT INTO logs (message) VALUES ('test317')
2023-12-15T13:34:45.000000Z 4124 [Warning] DELETE FROM sessions WHERE expired = 1
2023-12-12T08:19:16.000000Z 7813 [Note] SELECT * FROM users WHERE id = 244
2023-12-01T13:00:21.000000Z 6262 [Error] DELETE FROM sessions WHERE expired = 1
2023-12-29T15:10:24.000000Z 8400 [Error] DELETE FROM sessions WHERE expired = 1
2023-12-21T12:35:31.000000Z 4983 [Note] DELETE FROM sessions WHERE expired = 1
2023-12-05T15:57:31.000000Z 1119 [Warning] INSERT INTO logs (message) VALUES ('test288')
2023-12-20T13:32:21.000000Z 8460 [Note] INSERT INTO logs (message) VALUES ('test661')
2023-12-26T03:15:57.000000Z 2854 [Warning] UPDATE products SET price = 67 WHERE id = 135
2023-12-29T12:11:14.000000Z 2042 [Note] INSERT INTO logs (message) VALUES ('test47')
2023-12-04T18:44:56.000000Z 2061 [Warning] DELETE FROM sessions WHERE expired = 1
2023-12-16T18:27:09.000000Z 5121 [Warning] UPDATE products SET price = 88 WHERE id = 232
2023-12-03T10:38:16.000000Z 9462 [Error] UPDATE products SET price = 88 WHERE id = 185
2023-12-24T09:43:14.000000Z 7614 [Error] INSERT INTO logs (message) VALUES ('test615')
2023-12-24T04:19:34.000000Z 2594 [Warning] DELETE FROM sessions WHERE expired = 1
2023-12-28T18:57:00.000000Z 4838 [Error] DELETE FROM sessions WHERE expired = 1
2023-12-30T09:44:19.000000Z 3519 [Note] DELETE FROM sessions WHERE expired = 1
2023-12-25T09:24:31.000000Z 2658 [Note] DELETE FROM sessions WHERE expired = 1
2023-12-26T18:33:21.000000Z 4098 [Error] INSERT INTO logs (message) VALUES ('test50')
2023-12-30T02:11:52.000000Z 5237 [Warning] SELECT * FROM users WHERE id = 846
2023-12-09T18:36:12.000000Z 6313 [Note] SELECT * FROM users WHERE id = 465
2023-12-29T03:26:54.000000Z 2593 [Note] INSERT INTO logs (message) VALUES ('test383')
2023-12-09T15:00:52.000000Z 9732 [Error] SELECT * FROM users WHERE id = 805
2023-12-18T17:50:37.000000Z 1587 [Note] SELECT * FROM users WHERE id = 237
2023-12-29T05:38:17.000000Z 8147 [Note] INSERT INTO logs (message) VALUES ('test120')
2023-12-12T00:22:48.000000Z 8631 [Error] SELECT * FROM users WHERE id = 572
2023-12-27T12:38:45.000000Z 6337 [Error] DELETE FROM sessions WHERE expired = 1
2023-12-19T09:30:21.000000Z 2383 [Warning] SELECT * FROM users WHERE id = 659
2023-12-27T07:25:57.000000Z 6346 [Warning] SELECT * FROM users WHERE id = 784
2023-12-29T10:26:16.000000Z 8261 [Warning] SELECT * FROM users WHERE id = 258
2023-12-22T02:11:00.000000Z 3180 [Warning] UPDATE products SET price = 19 WHERE id = 137
2023-12-15T07:27:26.000000Z 6459 [Error] SELECT * FROM users WHERE id = 837
2023-12-26T23:46:56.000000Z 3606 [Warning] SELECT * FROM users WHERE id = 796
2023-12-18T13:38:23.000000Z 9023 [Error] SELECT * FROM users WHERE id = 632
2023-12-01T12:12:28.000000Z 5015 [Note] SELECT * FROM users WHERE id = 18
2023-12-09T01:07:15.000000Z 3780 [Note] SELECT * FROM users WHERE id = 816
2023-12-05T06:20:28.000000Z 5540 [Error] DELETE FROM sessions WHERE expired = 1
2023-12-01T07:55:23.000000Z 4572 [Error] UPDATE products SET price = 100 WHERE id = 3
2023-12-04T00:11:30.000000Z 2088 [Warning] INSERT INTO logs (message) VALUES ('test390')
2023-12-05T02:22:32.000000Z 3781 [Warning] SELECT * FROM users WHERE id = 714
2023-12-07T00:05:23.000000Z 5300 [Error] SELECT * FROM users WHERE id = 268
2023-12-25T05:42:02.000000Z 2554 [Warning] SELECT * FROM users WHERE id = 557
2023-12-20T07:56:01.000000Z 8428 [Error] INSERT INTO logs (message) VALUES ('test419')
2023-12-14T02:28:53.000000Z 6082 [Warning] INSERT INTO logs (message) VALUES ('test763')
2023-12-04T07:42:27.000000Z 9533 [Error] INSERT INTO logs (message) VALUES ('test913')
2023-12-17T17:05:51.000000Z 2925 [Error] SELECT * FROM users WHERE id = 388
2023-12-30T00:36:01.000000Z 5135 [Note] SELECT * FROM users WHERE id = 39
2023-12-26T09:15:07.000000Z 7995 [Error] SELECT * FROM users WHERE id = 460
2023-12-30T15:16:11.000000Z 8068 [Note] UPDATE products SET price = 80 WHERE id = 475
2023-12-26T03:50:34.000000Z 6083 [Warning] UPDATE products SET price = 74 WHERE id = 484
2023-12-14T05:33:25.000000Z 5012 [Warning] DELETE FROM sessions WHERE expired = 1
2023-12-07T07:09:16.000000Z 2756 [Note] INSERT INTO logs (message) VALUES ('test872')
2023-12-29T07:24:19.000000Z 1204 [Note] SELECT * FROM users WHERE id = 376
2023-12-13T10:21:06.000000Z 5658 [Error] INSERT INTO logs (message) VALUES ('test21')
2023-12-26T21:51:57.000000Z 3693 [Warning] DELETE FROM sessions WHERE expired = 1
2023-12-01T18:35:10.000000Z 6780 [Error] UPDATE products SET price = 45 WHERE id = 299
2023-12-16T00:28:01.000000Z 8753 [Note] UPDATE products SET price = 92 WHERE id = 202
2023-12-04T09:28:13.000000Z 5421 [Note] DELETE FROM sessions WHERE expired = 1
2023-12-02T03:20:11.000000Z 7425 [Error] DELETE FROM sessions WHERE expired = 1
2023-12-01T09:42:03.000000Z 4703 [Error] INSERT INTO logs (message) VALUES ('test536')
2023-12-03T03:39:43.000000Z 2914 [Warning] SELECT * FROM users WHERE id = 174
2023-12-23T11:56:08.000000Z 4364 [Warning] SELECT * FROM users WHERE id = 443
2023-12-21T02:25:57.000000Z 8694 [Warning] SELECT * FROM users WHERE id = 924
2023-12-01T01:36:08.000000Z 3584 [Error] DELETE FROM sessions WHERE expired = 1
2023-12-07T10:16:06.000000Z 5601 [Error] UPDATE products SET price = 32 WHERE id = 12
2023-12-01T18:30:31.000000Z 8034 [Note] UPDATE products SET price = 69 WHERE id = 297
2023-12-04T03:42:26.000000Z 7676 [Warning] SELECT * FROM users WHERE id = 60
2023-12-29T17:32:25.000000Z 6843 [Warning] INSERT INTO logs (message) VALUES ('test992')
2023-12-20T13:55:37.000000Z 6010 [Error] INSERT INTO logs (message) VALUES ('test710')
2023-12-09T01:57:46.000000Z 4315 [Error] SELECT * FROM users WHERE id = 350
2023-12-10T23:48:39.000000Z 4877 [Note] DELETE FROM sessions WHERE expired = 1
2023-12-15T06:00:01.000000Z 2397 [Error] SELECT * FROM users WHERE id = 456
2023-12-14T14:36:27.000000Z 7700 [Note] SELECT * FROM users WHERE id = 909
2023-12-21T00:08:52.000000Z 9170 [Error] INSERT INTO logs (message) VALUES ('test416')
2023-12-04T21:24:27.000000Z 3476 [Error] SELECT * FROM users WHERE id = 710
2023-12-11T00:34:25.000000Z 5614 [Error] DELETE FROM sessions WHERE expired = 1
2023-12-17T15:58:29.000000Z 2988 [Error] UPDATE products SET price = 41 WHERE id = 237
2023-12-13T02:26:23.000000Z 2292 [Warning] INSERT INTO logs (message) VALUES ('test995')
2023-12-02T17:21:07.000000Z 3276 [Note] INSERT INTO logs (message) VALUES ('test788')
2023-12-12T11:16:24.000000Z 7681 [Warning] DELETE FROM sessions WHERE expired = 1
2023-12-10T14:48:55.000000Z 2543 [Note] DELETE FROM sessions WHERE expired = 1
2023-12-23T05:47:54.000000Z 5825 [Warning] INSERT INTO logs (message) VALUES ('test478')
2023-12-03T03:07:29.000000Z 4639 [Error] DELETE FROM sessions WHERE expired = 1
2023-12-18T10:55:26.000000Z 5387 [Warning] DELETE FROM sessions WHERE expired = 1
2023-12-10T02:42:25.000000Z 5928 [Error] DELETE FROM sessions WHERE expired = 1
2023-12-09T23:43:01.000000Z 4555 [Note] UPDATE products SET price = 70 WHERE id = 361
2023-12-28T16:51:54.000000Z 4070 [Warning] INSERT INTO logs (message) VALUES ('test92')
2023-12-29T19:07:36.000000Z 9651 [Warning] UPDATE products SET price = 55 WHERE id = 90
2023-12-22T23:54:57.000000Z 8344 [Warning] SELECT * FROM users WHERE id = 838
2023-12-13T03:28:33.000000Z 3038 [Warning] SELECT * FROM users WHERE id = 275
2023-12-17T18:26:42.000000Z 3893 [Note] INSERT INTO logs (message) VALUES ('test458')
2023-12-09T20:58:10.000000Z 8505 [Error] DELETE FROM sessions WHERE expired = 1
2023-12-23T23:46:47.000000Z 7038 [Warning] SELECT * FROM users WHERE id = 805
2023-12-19T19:22:36.000000Z 5790 [Error] SELECT * FROM users WHERE id = 362
2023-12-09T18:26:56.000000Z 8316 [Error] DELETE FROM sessions WHERE expired = 1
2023-12-13T21:20:47.000000Z 7562 [Error] DELETE FROM sessions WHERE expired = 1
2023-12-18T05:16:47.000000Z 5351 [Note] INSERT INTO logs (message) VALUES ('test235')
2023-12-22T23:10:16.000000Z 3982 [Error] DELETE FROM sessions WHERE expired = 1
2023-12-11T07:56:39.000000Z 4264 [Warning] SELECT * FROM users WHERE id = 979
2023-12-16T03:40:26.000000Z 2782 [Note] SELECT * FROM users WHERE id = 387
2023-12-27T20:57:35.000000Z 4315 [Error] SELECT * FROM users WHERE id = 900
2023-12-21T18:24:05.000000Z 7875 [Error] INSERT INTO logs (message) VALUES ('test311')
2023-12-23T23:22:13.000000Z 4776 [Warning] UPDATE products SET price = 24 WHERE id = 332
2023-12-13T13:24:25.000000Z 8264 [Error] SELECT * FROM users WHERE id = 374
2023-12-22T11:04:47.000000Z 9264 [Note] DELETE FROM sessions WHERE expired = 1
2023-12-10T03:55:24.000000Z 1655 [Warning] SELECT * FROM users WHERE id = 577
2023-12-13T09:26:44.000000Z 1636 [Error] DELETE FROM sessions WHERE expired = 1
2023-12-03T20:05:36.000000Z 8027 [Warning] DELETE FROM sessions WHERE expired = 1
2023-12-20T07:18:10.000000Z 3833 [Warning] UPDATE products SET price = 74 WHERE id = 349
2023-12-11T02:32:17.000000Z 2891 [Error] DELETE FROM sessions WHERE expired = 1
2023-12-30T16:46:09.000000Z 1688 [Warning] SELECT * FROM users WHERE id = 718
2023-12-07T03:53:04.000000Z 7511 [Note] INSERT INTO logs (message) VALUES ('test849')
2023-12-18T11:08:46.000000Z 5614 [Error] SELECT * FROM users WHERE id = 788
2023-12-17T08:43:01.000000Z 1937 [Warning] INSERT INTO logs (message) VALUES ('test123')
2023-12-09T01:04:15.000000Z 5310 [Note] UPDATE products SET price = 35 WHERE id = 248
2023-12-18T18:29:50.000000Z 3397 [Error] SELECT * FROM users WHERE id = 322
2023-12-24T20:25:39.000000Z 3145 [Warning] INSERT INTO logs (message) VALUES ('test581')
2023-12-28T13:17:39.000000Z 6235 [Warning] INSERT INTO logs (message) VALUES ('test487')
2023-12-15T13:27:23.000000Z 6825 [Note] UPDATE products SET price = 70 WHERE id = 134
2023-12-13T13:44:16.000000Z 6558 [Note] UPDATE products SET price = 87 WHERE id = 1
2023-12-15T09:01:23.000000Z 2697 [Note] DELETE FROM sessions WHERE expired = 1
2023-12-10T13:44:22.000000Z 7618 [Error] UPDATE products SET price = 42 WHERE id = 162
2023-12-02T11:30:24.000000Z 8764 [Error] DELETE FROM sessions WHERE expired = 1
2023-12-30T23:19:09.000000Z 5376 [Error] INSERT INTO logs (message) VALUES ('test227')
2023-12-06T08:53:17.000000Z 4382 [Warning] UPDATE products SET price = 95 WHERE id = 295
2023-12-28T11:29:58.000000Z 5252 [Note] SELECT * FROM users WHERE id = 182
2023-12-04T03:35:09.000000Z 5238 [Error] DELETE FROM sessions WHERE expired = 1
2023-12-09T16:26:42.000000Z 1633 [Note] INSERT INTO logs (message) VALUES ('test254')
2023-12-09T05:09:24.000000Z 5400 [Warning] SELECT * FROM users WHERE id = 522
2023-12-02T19:55:04.000000Z 8483 [Error] DELETE FROM sessions WHERE expired = 1
2023-12-20T18:24:41.000000Z 7404 [Warning] INSERT INTO logs (message) VALUES ('test897')
2023-12-04T12:44:51.000000Z 1637 [Error] INSERT INTO logs (message) VALUES ('test215')
2023-12-20T20:06:51.000000Z 2861 [Note] SELECT * FROM users WHERE id = 558
2023-12-06T23:22:48.000000Z 5907 [Error] INSERT INTO logs (message) VALUES ('test990')
2023-12-12T17:50:40.000000Z 1917 [Note] UPDATE products SET price = 72 WHERE id = 497
2023-12-26T12:50:02.000000Z 7514 [Warning] INSERT INTO logs (message) VALUES ('test231')
2023-12-11T04:49:28.000000Z 9450 [Error] SELECT * FROM users WHERE id = 393
2023-12-11T09:18:55.000000Z 5780 [Note] SELECT * FROM users WHERE id = 723
2023-12-11T02:01:03.000000Z 8319 [Error] SELECT * FROM users WHERE id = 945
2023-12-29T22:22:59.000000Z 5268 [Error] UPDATE products SET price = 43 WHERE id = 133
2023-12-17T21:42:24.000000Z 6426 [Note] INSERT INTO logs (message) VALUES ('test771')
2023-12-09T21:33:20.000000Z 5615 [Warning] SELECT * FROM users WHERE id = 262
2023-12-02T03:27:39.000000Z 6218 [Warning] SELECT * FROM users WHERE id = 408
2023-12-08T04:07:58.000000Z 5178 [Note] SELECT * FROM users WHERE id = 517
2023-12-28T22:35:48.000000Z 9815 [Error] UPDATE products SET price = 15 WHERE id = 232
2023-12-05T13:05:46.000000Z 9002 [Warning] UPDATE products SET price = 20 WHERE id = 303
2023-12-14T17:44:05.000000Z 2098 [Error] INSERT INTO logs (message) VALUES ('test347')
2023-12-12T02:21:44.000000Z 7980 [Warning] INSERT INTO logs (message) VALUES ('test380')
2023-12-26T20:58:28.000000Z 7589 [Note] INSERT INTO logs (message) VALUES ('test194')
2023-12-05T23:15:32.000000Z 9089 [Note] SELECT * FROM users WHERE id = 564
2023-12-21T16:39:23.000000Z 4628 [Error] INSERT INTO logs (message) VALUES ('test458')
2023-12-27T05:31:14.000000Z 7669 [Warning] DELETE FROM sessions WHERE expired = 1
2023-12-02T05:40:10.000000Z 2739 [Warning] INSERT INTO logs (message) VALUES ('test409')
2023-12-09T01:28:23.000000Z 5254 [Warning] SELECT * FROM users WHERE id = 366
2023-12-13T17:48:10.000000Z 7392 [Note] SELECT * FROM users WHERE id = 109
2023-12-04T18:35:28.000000Z 2720 [Error] UPDATE products SET price = 23 WHERE id = 183
2023-12-25T10:52:34.000000Z 5214 [Note] UPDATE products SET price = 11 WHERE id = 391
2023-12-09T13:36:58.000000Z 3875 [Error] INSERT INTO logs (message) VALUES ('test223')
2023-12-26T18:06:19.000000Z 7441 [Error] INSERT INTO logs (message) VALUES ('test670')
2023-12-24T23:44:36.000000Z 3173 [Note] DELETE FROM sessions WHERE expired = 1
2023-12-21T14:07:34.000000Z 6242 [Warning] DELETE FROM sessions WHERE expired = 1
2023-12-27T00:42:17.000000Z 7735 [Warning] SELECT * FROM users WHERE id = 667
2023-12-08T13:01:23.000000Z 5342 [Error] SELECT * FROM users WHERE id = 315
2023-12-20T01:07:53.000000Z 6903 [Error] SELECT * FROM users WHERE id = 240
2023-12-19T15:41:28.000000Z 8394 [Note] UPDATE products SET price = 48 WHERE id = 376
2023-12-11T18:06:51.000000Z 8184 [Error] UPDATE products SET price = 71 WHERE id = 492
2023-12-22T23:13:00.000000Z 6374 [Note] UPDATE products SET price = 61 WHERE id = 256
2023-12-25T00:05:19.000000Z 3255 [Warning] UPDATE products SET price = 49 WHERE id = 297
2023-12-26T14:25:20.000000Z 9051 [Error] INSERT INTO logs (message) VALUES ('test270')
2023-12-04T04:15:54.000000Z 8799 [Note] SELECT * FROM users WHERE id = 900
2023-12-25T09:21:56.000000Z 7429 [Error] UPDATE products SET price = 41 WHERE id = 170
2023-12-06T03:33:20.000000Z 3562 [Note] DELETE FROM sessions WHERE expired = 1
2023-12-19T23:28:34.000000Z 8632 [Error] SELECT * FROM users WHERE id = 189
2023-12-26T17:06:49.000000Z 5035 [Warning] UPDATE products SET price = 76 WHERE id = 204
2023-12-10T03:15:40.000000Z 2643 [Error] SELECT * FROM users WHERE id = 384
2023-12-01T22:58:33.000000Z 3867 [Warning] INSERT INTO logs (message) VALUES ('test445')
2023-12-15T18:13:07.000000Z 1092 [Warning] INSERT INTO logs (message) VALUES ('test176')
2023-12-24T03:09:40.000000Z 6985 [Note] DELETE FROM sessions WHERE expired = 1
2023-12-12T11:10:48.000000Z 4152 [Error] DELETE FROM sessions WHERE expired = 1
2023-12-14T12:28:05.000000Z 1699 [Warning] UPDATE products SET price = 21 WHERE id = 5
2023-12-29T14:01:27.000000Z 1795 [Warning] UPDATE products SET price = 11 WHERE id = 231
2023-12-25T02:39:04.000000Z 5323 [Error] SELECT * FROM users WHERE id = 61
2023-12-23T20:38:02.000000Z 1039 [Note] SELECT * FROM users WHERE id = 468
2023-12-30T05:07:28.000000Z 8577 [Note] UPDATE products SET price = 86 WHERE id = 442
2023-12-08T07:17:11.000000Z 5020 [Error] INSERT INTO logs (message) VALUES ('test828')
2023-12-14T12:22:03.000000Z 3229 [Error] DELETE FROM sessions WHERE expired = 1
2023-12-10T10:13:57.000000Z 7591 [Note] SELECT * FROM users WHERE id = 518
2023-12-11T01:49:34.000000Z 3558 [Error] INSERT INTO logs (message) VALUES ('test14')
2023-12-25T20:38:52.000000Z 2785 [Note] INSERT INTO logs (message) VALUES ('test947')
2023-12-29T16:32:06.000000Z 6264 [Warning] DELETE FROM sessions WHERE expired = 1
2023-12-17T12:55:45.000000Z 7592 [Warning] UPDATE products SET price = 44 WHERE id = 138
2023-12-22T22:48:15.000000Z 9053 [Error] SELECT * FROM users WHERE id = 126
2023-12-30T15:31:32.000000Z 2764 [Note] INSERT INTO logs (message) VALUES ('test845')
2023-12-12T03:47:57.000000Z 1256 [Note] DELETE FROM sessions WHERE expired = 1
2023-12-01T01:09:13.000000Z 6376 [Note] UPDATE products SET price = 21 WHERE id = 394
2023-12-01T00:30:59.000000Z 3471 [Warning] INSERT INTO logs (message) VALUES ('test729')
2023-12-18T04:30:02.000000Z 1557 [Warning] INSERT INTO logs (message) VALUES ('test941')
2023-12-11T09:06:32.000000Z 1586 [Error] INSERT INTO logs (message) VALUES ('test387')
2023-12-22T05:08:20.000000Z 4375 [Note] SELECT * FROM users WHERE id = 4
2023-12-20T11:58:53.000000Z 3697 [Error] INSERT INTO logs (message) VALUES ('test615')
2023-12-07T11:42:01.000000Z 2001 [Note] INSERT INTO logs (message) VALUES ('test739')
2023-12-27T02:12:22.000000Z 6152 [Note] INSERT INTO logs (message) VALUES ('test84')
2023-12-10T00:51:02.000000Z 1545 [Error] UPDATE products SET price = 75 WHERE id = 410
2023-12-28T02:46:42.000000Z 7066 [Error] UPDATE products SET price = 43 WHERE id = 307
2023-12-18T09:24:19.000000Z 7725 [Error] SELECT * FROM users WHERE id = 721
2023-12-05T19:46:26.000000Z 5783 [Error] INSERT INTO logs (message) VALUES ('test667')
2023-12-24T18:52:23.000000Z 4573 [Warning] INSERT INTO logs (message) VALUES ('test692')
2023-12-09T12:33:05.000000Z 7274 [Warning] INSERT INTO logs (message) VALUES ('test799')
2023-12-18T00:47:19.000000Z 6447 [Warning] UPDATE products SET price = 33 WHERE id = 398
2023-12-01T15:23:14.000000Z 4250 [Warning] SELECT * FROM users WHERE id = 465
2023-12-29T11:02:36.000000Z 2058 [Note] INSERT INTO logs (message) VALUES ('test985')
2023-12-05T06:05:32.000000Z 4479 [Error] INSERT INTO logs (message) VALUES ('test176')
2023-12-21T04:53:19.000000Z 1041 [Warning] INSERT INTO logs (message) VALUES ('test926')
2023-12-22T00:08:42.000000Z 8460 [Note] INSERT INTO logs (message) VALUES ('test571')
2023-12-01T01:01:46.000000Z 2226 [Error] INSERT INTO logs (message) VALUES ('test115')
2023-12-14T19:25:15.000000Z 4617 [Warning] DELETE FROM sessions WHERE expired = 1
2023-12-01T18:40:46.000000Z 3527 [Note] UPDATE products SET price = 25 WHERE id = 124
2023-12-08T22:05:32.000000Z 2402 [Warning] INSERT INTO logs (message) VALUES ('test59')
2023-12-03T22:54:35.000000Z 5832 [Error] DELETE FROM sessions WHERE expired = 1
2023-12-29T04:56:30.000000Z 1142 [Warning] SELECT * FROM users WHERE id = 535
2023-12-27T08:35:22.000000Z 9337 [Note] INSERT INTO logs (message) VALUES ('test565')
2023-12-30T06:32:07.000000Z 9355 [Warning] UPDATE products SET price = 56 WHERE id = 294
2023-12-28T07:47:17.000000Z 2461 [Warning] INSERT INTO logs (message) VALUES ('test370')
2023-12-09T08:39:08.000000Z 9361 [Error] SELECT * FROM users WHERE id = 308
2023-12-15T23:51:54.000000Z 6606 [Error] UPDATE products SET price = 35 WHERE id = 388
2023-12-26T05:01:40.000000Z 5827 [Warning] UPDATE products SET price = 58 WHERE id = 274
2023-12-28T05:46:22.000000Z 7832 [Note] SELECT * FROM users WHERE id = 846
2023-12-06T11:22:40.000000Z 3592 [Note] SELECT * FROM users WHERE id = 45
2023-12-09T21:38:53.000000Z 6182 [Note] INSERT INTO logs (message) VALUES ('test667')
2023-12-20T18:22:45.000000Z 9444 [Note] SELECT * FROM users WHERE id = 988
2023-12-06T17:24:55.000000Z 1623 [Warning] INSERT INTO logs (message) VALUES ('test100')
2023-12-09T00:12:15.000000Z 6881 [Error] SELECT * FROM users WHERE id = 745
2023-12-06T16:00:57.000000Z 8527 [Warning] SELECT * FROM users WHERE id = 857
2023-12-14T13:42:33.000000Z 6708 [Warning] SELECT * FROM users WHERE id = 755
2023-12-24T15:38:00.000000Z 4519 [Error] UPDATE products SET price = 41 WHERE id = 86
2023-12-26T01:11:23.000000Z 2784 [Error] INSERT INTO logs (message) VALUES ('test749')
2023-12-24T03:36:21.000000Z 7069 [Note] SELECT * FROM users WHERE id = 385
2023-12-05T07:46:20.000000Z 9001 [Warning] SELECT * FROM users WHERE id = 237
2023-12-23T18:15:16.000000Z 8566 [Warning] DELETE FROM sessions WHERE expired = 1
2023-12-28T01:13:32.000000Z 5570 [Note] SELECT * FROM users WHERE id = 375
2023-12-17T10:56:59.000000Z 2383 [Error] UPDATE products SET price = 50 WHERE id = 191
2023-12-24T00:29:00.000000Z 4485 [Warning] DELETE FROM sessions WHERE expired = 1
2023-12-03T21:45:00.000000Z 5573 [Note] DELETE FROM sessions WHERE expired = 1
2023-12-07T02:26:01.000000Z 3713 [Note] SELECT * FROM users WHERE id = 722
2023-12-23T19:04:54.000000Z 2781 [Warning] SELECT * FROM users WHERE id = 352
2023-12-03T15:39:19.000000Z 6548 [Note] SELECT * FROM users WHERE id = 893
2023-12-01T00:30:23.000000Z 6986 [Error] DELETE FROM sessions WHERE expired = 1
2023-12-25T21:31:18.000000Z 6808 [Error] SELECT * FROM users WHERE id = 174
2023-12-08T17:11:22.000000Z 9906 [Error] SELECT * FROM users WHERE id = 103
2023-12-08T03:54:35.000000Z 2406 [Warning] DELETE FROM sessions WHERE expired = 1
2023-12-22T12:18:30.000000Z 5918 [Error] INSERT INTO logs (message) VALUES ('test711')
2023-12-09T13:37:31.000000Z 8636 [Error] DELETE FROM sessions WHERE expired = 1
2023-12-04T03:37:17.000000Z 9244 [Warning] INSERT INTO logs (message) VALUES ('test758')
2023-12-12T23:06:22.000000Z 2946 [Error] UPDATE products SET price = 91 WHERE id = 91
2023-12-13T13:51:40.000000Z 2167 [Error] UPDATE products SET price = 73 WHERE id = 321
2023-12-19T20:05:53.000000Z 3379 [Note] SELECT * FROM users WHERE id = 336
2023-12-25T17:35:34.000000Z 3931 [Warning] SELECT * FROM users WHERE id = 691
2023-12-18T12:08:47.000000Z 7286 [Warning] SELECT * FROM users WHERE id = 452
2023-12-17T16:50:23.000000Z 5238 [Note] DELETE FROM sessions WHERE expired = 1
2023-12-08T12:03:30.000000Z 9366 [Note] SELECT * FROM users WHERE id = 681
2023-12-03T20:01:42.000000Z 8118 [Warning] UPDATE products SET price = 50 WHERE id = 48
2023-12-12T10:25:27.000000Z 9401 [Error] INSERT INTO logs (message) VALUES ('test287')
2023-12-12T00:15:38.000000Z 5456 [Warning] INSERT INTO logs (message) VALUES ('test771')
2023-12-09T01:10:06.000000Z 1715 [Note] SELECT * FROM users WHERE id = 490
2023-12-15T22:09:00.000000Z 7091 [Note] DELETE FROM sessions WHERE expired = 1
2023-12-11T13:59:16.000000Z 6569 [Note] SELECT * FROM users WHERE id = 413
2023-12-27T22:06:39.000000Z 7027 [Note] UPDATE products SET price = 97 WHERE id = 127
2023-12-21T09:22:35.000000Z 9093 [Error] DELETE FROM sessions WHERE expired = 1
2023-12-01T06:55:23.000000Z 1980 [Warning] SELECT * FROM users WHERE id = 707
2023-12-20T22:00:42.000000Z 5292 [Error] UPDATE products SET price = 51 WHERE id = 285
2023-12-15T15:52:47.000000Z 7368 [Warning] DELETE FROM sessions WHERE expired = 1
2023-12-05T12:02:17.000000Z 7957 [Warning] UPDATE products SET price = 10 WHERE id = 427
2023-12-05T02:00:18.000000Z 5366 [Note] DELETE FROM sessions WHERE expired = 1
2023-12-22T01:11:35.000000Z 4976 [Note] UPDATE products SET price = 37 WHERE id = 181
2023-12-23T14:56:43.000000Z 3241 [Note] INSERT INTO logs (message) VALUES ('test35')
2023-12-30T14:43:08.000000Z 2242 [Error] INSERT INTO logs (message) VALUES ('test697')
2023-12-07T22:06:49.000000Z 7489 [Note] SELECT * FROM users WHERE id = 42
2023-12-12T02:52:22.000000Z 5288 [Note] SELECT * FROM users WHERE id = 943
2023-12-28T21:45:13.000000Z 9537 [Warning] DELETE FROM sessions WHERE expired = 1
2023-12-19T21:15:23.000000Z 5790 [Error] DELETE FROM sessions WHERE expired = 1
2023-12-15T14:01:33.000000Z 2663 [Error] UPDATE products SET price = 47 WHERE id = 374
2023-12-28T02:37:14.000000Z 4622 [Error] SELECT * FROM users WHERE id = 664
2023-12-10T07:24:31.000000Z 9023 [Warning] UPDATE products SET price = 23 WHERE id = 440
2023-12-15T17:50:22.000000Z 5088 [Warning] INSERT INTO logs (message) VALUES ('test672')
2023-12-16T05:40:19.000000Z 6001 [Warning] UPDATE products SET price = 69 WHERE id = 164
2023-12-12T20:26:09.000000Z 5019 [Error] INSERT INTO logs (message) VALUES ('test770')
2023-12-18T16:40:42.000000Z 1960 [Error] DELETE FROM sessions WHERE expired = 1
2023-12-11T13:56:52.000000Z 5435 [Note] SELECT * FROM users WHERE id = 522
2023-12-03T20:56:08.000000Z 8874 [Warning] SELECT * FROM users WHERE id = 995
2023-12-15T15:23:40.000000Z 1195 [Note] SELECT * FROM users WHERE id = 474
2023-12-10T13:46:35.000000Z 8562 [Note] DELETE FROM sessions WHERE expired = 1
2023-12-03T18:39:29.000000Z 9785 [Warning] DELETE FROM sessions WHERE expired = 1
2023-12-12T23:53:45.000000Z 5983 [Warning] INSERT INTO logs (message) VALUES ('test557')
2023-12-27T05:57:07.000000Z 2361 [Warning] SELECT * FROM users WHERE id = 741
2023-12-21T23:06:53.000000Z 5121 [Error] INSERT INTO logs (message) VALUES ('test799')
2023-12-12T06:44:02.000000Z 9883 [Error] SELECT * FROM users WHERE id = 111
2023-12-11T02:19:48.000000Z 7268 [Note] DELETE FROM sessions WHERE expired = 1
2023-12-26T21:01:14.000000Z 2182 [Error] SELECT * FROM users WHERE id = 868
2023-12-04T14:13:49.000000Z 8834 [Error] SELECT * FROM users WHERE id = 904
2023-12-24T23:49:43.000000Z 9883 [Note] UPDATE products SET price = 52 WHERE id = 55
2023-12-10T01:35:44.000000Z 7949 [Warning] SELECT * FROM users WHERE id = 101
2023-12-01T20:19:51.000000Z 8599 [Error] UPDATE products SET price = 15 WHERE id = 270
2023-12-26T07:21:28.000000Z 5254 [Error] DELETE FROM sessions WHERE expired = 1
2023-12-18T22:53:42.000000Z 9939 [Warning] INSERT INTO logs (message) VALUES ('test571')
2023-12-18T10:49:55.000000Z 5666 [Warning] UPDATE products SET price = 85 WHERE id = 332
2023-12-21T20:29:25.000000Z 7477 [Warning] DELETE FROM sessions WHERE expired = 1
2023-12-09T15:22:52.000000Z 6987 [Note] SELECT * FROM users WHERE id = 747
2023-12-04T18:23:45.000000Z 4324 [Error] INSERT INTO logs (message) VALUES ('test267')
2023-12-29T17:35:47.000000Z 9307 [Warning] SELECT * FROM users WHERE id = 464
2023-12-08T20:53:45.000000Z 8833 [Note] INSERT INTO logs (message) VALUES ('test797')
2023-12-14T06:51:24.000000Z 6210 [Warning] SELECT * FROM users WHERE id = 859
2023-12-17T02:43:33.000000Z 4248 [Error] SELECT * FROM users WHERE id = 302
2023-12-10T04:19:34.000000Z 9274 [Note] UPDATE products SET price = 61 WHERE id = 385
2023-12-23T11:50:23.000000Z 6519 [Warning] DELETE FROM sessions WHERE expired = 1
2023-12-18T15:30:54.000000Z 7332 [Note] SELECT * FROM users WHERE id = 84
2023-12-28T04:55:53.000000Z 8180 [Error] UPDATE products SET price = 94 WHERE id = 305
2023-12-03T14:39:26.000000Z 4400 [Note] INSERT INTO logs (message) VALUES ('test876')
2023-12-15T05:39:14.000000Z 9152 [Error] INSERT INTO logs (message) VALUES ('test302')
2023-12-07T04:42:57.000000Z 9799 [Note] INSERT INTO logs (message) VALUES ('test370')
2023-12-12T12:13:50.000000Z 8387 [Warning] DELETE FROM sessions WHERE expired = 1
2023-12-26T20:56:55.000000Z 5264 [Warning] SELECT * FROM users WHERE id = 825
2023-12-10T04:46:29.000000Z 2689 [Error] UPDATE products SET price = 80 WHERE id = 239
2023-12-13T19:17:37.000000Z 9283 [Warning] UPDATE products SET price = 88 WHERE id = 467
2023-12-24T18:02:30.000000Z 8248 [Error] INSERT INTO logs (message) VALUES ('test795')
2023-12-11T06:05:28.000000Z 2166 [Note] SELECT * FROM users WHERE id = 477
2023-12-25T17:20:27.000000Z 9245 [Error] DELETE FROM sessions WHERE expired = 1
2023-12-03T01:09:06.000000Z 7255 [Warning] INSERT INTO logs (message) VALUES ('test647')
2023-12-07T16:46:06.000000Z 1794 [Note] DELETE FROM sessions WHERE expired = 1
2023-12-12T09:35:38.000000Z 4504 [Error] UPDATE products SET price = 100 WHERE id = 403
2023-12-07T00:16:43.000000Z 8049 [Warning] SELECT * FROM users WHERE id = 527
2023-12-12T19:58:28.000000Z 4915 [Note] UPDATE products SET price = 10 WHERE id = 443
2023-12-12T05:58:10.000000Z 6123 [Note] DELETE FROM sessions WHERE expired = 1
2023-12-09T13:16:35.000000Z 4896 [Warning] SELECT * FROM users WHERE id = 341
2023-12-07T10:53:43.000000Z 9926 [Warning] INSERT INTO logs (message) VALUES ('test590')
2023-12-16T19:28:15.000000Z 2072 [Error] INSERT INTO logs (message) VALUES ('test715')
2023-12-07T14:24:20.000000Z 1720 [Note] INSERT INTO logs (message) VALUES ('test808')
2023-12-20T21:18:46.000000Z 1822 [Note] SELECT * FROM users WHERE id = 354
2023-12-05T17:52:31.000000Z 1779 [Note] INSERT INTO logs (message) VALUES ('test172')
2023-12-15T03:20:55.000000Z 5441 [Error] DELETE FROM sessions WHERE expired = 1
2023-12-13T02:23:23.000000Z 5004 [Note] UPDATE products SET price = 96 WHERE id = 377
2023-12-05T02:12:07.000000Z 3899 [Note] DELETE FROM sessions WHERE expired = 1
2023-12-03T00:48:03.000000Z 4152 [Error] DELETE FROM sessions WHERE expired = 1
2023-12-07T03:10:01.000000Z 2769 [Note] SELECT * FROM users WHERE id = 43
2023-12-14T08:56:01.000000Z 3592 [Error] SELECT * FROM users WHERE id = 20
2023-12-25T15:34:20.000000Z 6388 [Error] INSERT INTO logs (message) VALUES ('test750')
2023-12-05T14:10:23.000000Z 4943 [Warning] SELECT * FROM users WHERE id = 130
2023-12-04T08:35:05.000000Z 5368 [Note] INSERT INTO logs (message) VALUES ('test519')
2023-12-07T21:05:40.000000Z 2201 [Warning] UPDATE products SET price = 45 WHERE id = 345
2023-12-23T01:39:05.000000Z 5594 [Error] UPDATE products SET price = 43 WHERE id = 116
2023-12-30T00:33:22.000000Z 5390 [Warning] DELETE FROM sessions WHERE expired = 1
2023-12-15T03:38:44.000000Z 3266 [Note] SELECT * FROM users WHERE id = 536
2023-12-22T02:49:23.000000Z 1763 [Warning] INSERT INTO logs (message) VALUES ('test755')
2023-12-16T16:34:33.000000Z 7979 [Error] INSERT INTO logs (message) VALUES ('test746')
2023-12-26T12:44:18.000000Z 4947 [Error] INSERT INTO logs (message) VALUES ('test112')
2023-12-08T15:33:20.000000Z 5762 [Note] INSERT INTO logs (message) VALUES ('test505')
2023-12-19T02:06:44.000000Z 8263 [Note] SELECT * FROM users WHERE id = 345
2023-12-19T22:45:55.000000Z 4909 [Error] UPDATE products SET price = 88 WHERE id = 302
2023-12-23T06:07:38.000000Z 8911 [Warning] INSERT INTO logs (message) VALUES ('test13')
2023-12-22T01:00:44.000000Z 3705 [Note] SELECT * FROM users WHERE id = 839
2023-12-16T07:27:12.000000Z 8598 [Note] INSERT INTO logs (message) VALUES ('test893')
2023-12-08T14:38:34.000000Z 2249 [Error] SELECT * FROM users WHERE id = 765
2023-12-22T16:11:58.000000Z 2415 [Error] UPDATE products SET price = 71 WHERE id = 271
2023-12-10T05:47:04.000000Z 4362 [Note] SELECT * FROM users WHERE id = 37
2023-12-14T23:20:57.000000Z 1944 [Error] INSERT INTO logs (message) VALUES ('test423')
2023-12-14T01:57:04.000000Z 7122 [Error] INSERT INTO logs (message) VALUES ('test939')
2023-12-30T20:21:06.000000Z 4632 [Error] INSERT INTO logs (message) VALUES ('test137')
2023-12-15T11:00:38.000000Z 7354 [Error] SELECT * FROM users WHERE id = 687
2023-12-25T22:58:26.000000Z 8224 [Note] INSERT INTO logs (message) VALUES ('test249')
2023-12-05T11:56:00.000000Z 7774 [Error] UPDATE products SET price = 18 WHERE id = 473
2023-12-01T23:40:16.000000Z 9056 [Note] INSERT INTO logs (message) VALUES ('test541')
2023-12-22T20:36:17.000000Z 7511 [Note] INSERT INTO logs (message) VALUES ('test144')
2023-12-27T08:01:21.000000Z 9824 [Error] SELECT * FROM users WHERE id = 49
2023-12-17T10:10:14.000000Z 9163 [Note] SELECT * FROM users WHERE id = 875
2023-12-22T01:11:28.000000Z 4695 [Warning] SELECT * FROM users WHERE id = 111
2023-12-05T05:43:17.000000Z 2822 [Note] INSERT INTO logs (message) VALUES ('test709')
2023-12-28T21:41:22.000000Z 2112 [Note] INSERT INTO logs (message) VALUES ('test734')
2023-12-09T15:39:10.000000Z 8995 [Error] SELECT * FROM users WHERE id = 799
2023-12-10T19:47:28.000000Z 1588 [Warning] UPDATE products SET price = 92 WHERE id = 151
2023-12-23T06:23:15.000000Z 5045 [Warning] UPDATE products SET price = 54 WHERE id = 363
2023-12-30T04:22:00.000000Z 5307 [Warning] UPDATE products SET price = 67 WHERE id = 314
2023-12-12T09:40:09.000000Z 9076 [Error] INSERT INTO logs (message) VALUES ('test636')
2023-12-19T11:25:54.000000Z 8920 [Note] DELETE FROM sessions WHERE expired = 1
2023-12-05T12:18:31.000000Z 1529 [Error] SELECT * FROM users WHERE id = 678
2023-12-13T10:29:47.000000Z 9302 [Error] SELECT * FROM users WHERE id = 267
2023-12-15T01:22:50.000000Z 7631 [Note] SELECT * FROM users WHERE id = 972
2023-12-09T13:23:12.000000Z 4419 [Warning] SELECT * FROM users WHERE id = 42
2023-12-13T13:15:43.000000Z 5960 [Note] UPDATE products SET price = 49 WHERE id = 121
2023-12-17T15:22:51.000000Z 7316 [Warning] DELETE FROM sessions WHERE expired = 1
2023-12-10T17:42:42.000000Z 1226 [Warning] INSERT INTO logs (message) VALUES ('test803')
2023-12-21T08:30:48.000000Z 6055 [Note] SELECT * FROM users WHERE id = 381
2023-12-17T15:57:15.000000Z 5471 [Note] DELETE FROM sessions WHERE expired = 1
2023-12-09T17:26:40.000000Z 2767 [Warning] INSERT INTO logs (message) VALUES ('test870')
2023-12-03T08:16:48.000000Z 7857 [Warning] INSERT INTO logs (message) VALUES ('test596')
2023-12-28T09:51:10.000000Z 4596 [Warning] INSERT INTO logs (message) VALUES ('test591')
2023-12-19T21:57:08.000000Z 5678 [Note] DELETE FROM sessions WHERE expired = 1
2023-12-19T14:53:15.000000Z 9195 [Warning] UPDATE products SET price = 53 WHERE id = 235
2023-12-15T20:33:48.000000Z 4930 [Error] UPDATE products SET price = 42 WHERE id = 482
2023-12-05T18:19:41.000000Z 9047 [Warning] SELECT * FROM users WHERE id = 944
2023-12-19T19:34:57.000000Z 3596 [Error] SELECT * FROM users WHERE id = 221
2023-12-15T07:37:01.000000Z 5390 [Warning] SELECT * FROM users WHERE id = 434
2023-12-11T07:18:55.000000Z 3430 [Warning] INSERT INTO logs (message) VALUES ('test136')
2023-12-18T20:09:38.000000Z 3474 [Warning] SELECT * FROM users WHERE id = 319
2023-12-22T07:24:11.000000Z 3603 [Error] DELETE FROM sessions WHERE expired = 1
2023-12-29T09:25:13.000000Z 2992 [Note] SELECT * FROM users WHERE id = 911
2023-12-12T12:18:36.000000Z 8503 [Warning] INSERT INTO logs (message) VALUES ('test504')
2023-12-18T23:45:39.000000Z 2260 [Warning] SELECT * FROM users WHERE id = 592
2023-12-10T03:36:57.000000Z 5332 [Warning] SELECT * FROM users WHERE id = 960
2023-12-22T20:52:02.000000Z 5788 [Warning] DELETE FROM sessions WHERE expired = 1
2023-12-21T13:32:05.000000Z 1378 [Warning] UPDATE products SET price = 98 WHERE id = 440
2023-12-06T21:53:10.000000Z 9045 [Note] DELETE FROM sessions WHERE expired = 1
2023-12-24T09:18:09.000000Z 2002 [Note] INSERT INTO logs (message) VALUES ('test826')
2023-12-08T03:14:38.000000Z 7093 [Note] DELETE FROM sessions WHERE expired = 1
2023-12-16T11:00:46.000000Z 7712 [Note] UPDATE products SET price = 84 WHERE id = 27
2023-12-20T08:49:07.000000Z 3148 [Error] SELECT * FROM users WHERE id = 739
2023-12-04T23:35:45.000000Z 1711 [Error] DELETE FROM sessions WHERE expired = 1
2023-12-01T14:58:55.000000Z 3733 [Warning] SELECT * FROM users WHERE id = 373
2023-12-18T13:47:12.000000Z 4251 [Note] SELECT * FROM users WHERE id = 655
2023-12-04T02:27:05.000000Z 2296 [Error] INSERT INTO logs (message) VALUES ('test669')
2023-12-01T04:04:14.000000Z 9707 [Error] INSERT INTO logs (message) VALUES ('test586')
2023-12-13T06:34:20.000000Z 9567 [Error] DELETE FROM sessions WHERE expired = 1
2023-12-06T01:50:59.000000Z 6231 [Note] UPDATE products SET price = 97 WHERE id = 39
2023-12-11T13:19:58.000000Z 2344 [Note] INSERT INTO logs (message) VALUES ('test642')
2023-12-21T03:18:07.000000Z 8476 [Error] UPDATE products SET price = 12 WHERE id = 410
2023-12-08T02:13:57.000000Z 3258 [Error] DELETE FROM sessions WHERE expired = 1
2023-12-27T06:06:59.000000Z 7341 [Warning] INSERT INTO logs (message) VALUES ('test821')
2023-12-02T18:00:56.000000Z 9980 [Error] INSERT INTO logs (message) VALUES ('test995')
2023-12-14T18:22:48.000000Z 6863 [Warning] DELETE FROM sessions WHERE expired = 1
2023-12-08T11:24:31.000000Z 5458 [Warning] SELECT * FROM users WHERE id = 860
2023-12-02T19:47:42.000000Z 8424 [Note] SELECT * FROM users WHERE id = 381
2023-12-22T20:35:34.000000Z 8163 [Error] DELETE FROM sessions WHERE expired = 1
2023-12-22T09:04:53.000000Z 1219 [Note] UPDATE products SET price = 85 WHERE id = 389
2023-12-29T17:03:58.000000Z 3463 [Warning] DELETE FROM sessions WHERE expired = 1
2023-12-08T18:06:11.000000Z 2455 [Note] INSERT INTO logs (message) VALUES ('test854')
2023-12-05T20:27:47.000000Z 4580 [Error] INSERT INTO logs (message) VALUES ('test708')
2023-12-26T00:20:36.000000Z 5374 [Warning] SELECT * FROM users WHERE id = 258
2023-12-10T02:43:30.000000Z 1092 [Error] DELETE FROM sessions WHERE expired = 1
2023-12-30T11:13:15.000000Z 7815 [Error] DELETE FROM sessions WHERE expired = 1
2023-12-21T19:51:16.000000Z 5464 [Note] INSERT INTO logs (message) VALUES ('test311')
2023-12-21T23:18:32.000000Z 4885 [Note] INSERT INTO logs (message) VALUES ('test911')
2023-12-04T23:42:42.000000Z 6810 [Error] UPDATE products SET price = 61 WHERE id = 496
2023-12-03T04:56:46.000000Z 5092 [Warning] DELETE FROM sessions WHERE expired = 1
2023-12-25T19:45:41.000000Z 8056 [Error] INSERT INTO logs (message) VALUES ('test658')
2023-12-12T09:39:03.000000Z 1294 [Note] DELETE FROM sessions WHERE expired = 1
2023-12-05T14:19:12.000000Z 3396 [Note] SELECT * FROM users WHERE id = 84
2023-12-08T04:28:51.000000Z 3586 [Warning] SELECT * FROM users WHERE id = 584
2023-12-04T22:50:50.000000Z 8690 [Error] DELETE FROM sessions WHERE expired = 1
2023-12-06T18:51:22.000000Z 5766 [Error] INSERT INTO logs (message) VALUES ('test252')
2023-12-17T22:31:20.000000Z 1234 [Warning] INSERT INTO logs (message) VALUES ('test409')
2023-12-09T01:30:16.000000Z 8792 [Note] UPDATE products SET price = 56 WHERE id = 52
2023-12-07T03:20:16.000000Z 7825 [Warning] DELETE FROM sessions WHERE expired = 1
2023-12-28T14:27:25.000000Z 3647 [Warning] SELECT * FROM users WHERE id = 38
2023-12-03T08:43:34.000000Z 5924 [Note] INSERT INTO logs (message) VALUES ('test855')
2023-12-29T11:27:09.000000Z 1206 [Error] INSERT INTO logs (message) VALUES ('test232')
2023-12-10T23:06:01.000000Z 3932 [Error] DELETE FROM sessions WHERE expired = 1
2023-12-20T07:41:33.000000Z 3694 [Warning] DELETE FROM sessions WHERE expired = 1
2023-12-10T11:23:59.000000Z 9893 [Warning] DELETE FROM sessions WHERE expired = 1
2023-12-21T12:57:45.000000Z 5977 [Error] SELECT * FROM users WHERE id = 600
2023-12-28T03:18:19.000000Z 4804 [Error] DELETE FROM sessions WHERE expired = 1
2023-12-07T14:16:36.000000Z 1890 [Note] DELETE FROM sessions WHERE expired = 1
2023-12-29T16:25:52.000000Z 5471 [Error] SELECT * FROM users WHERE id = 85
2023-12-22T16:52:19.000000Z 9931 [Error] INSERT INTO logs (message) VALUES ('test953')
2023-12-21T04:26:03.000000Z 1414 [Warning] SELECT * FROM users WHERE id = 531
2023-12-16T12:40:58.000000Z 9963 [Warning] UPDATE products SET price = 12 WHERE id = 312
2023-12-24T13:42:38.000000Z 3550 [Note] SELECT * FROM users WHERE id = 90
2023-12-02T01:08:15.000000Z 7856 [Error] SELECT * FROM users WHERE id = 710
2023-12-12T17:43:40.000000Z 6769 [Error] UPDATE products SET price = 20 WHERE id = 177
2023-12-09T18:58:26.000000Z 8747 [Error] INSERT INTO logs (message) VALUES ('test374')
2023-12-28T12:54:48.000000Z 2771 [Note] SELECT * FROM users WHERE id = 598
2023-12-14T19:02:53.000000Z 1973 [Note] SELECT * FROM users WHERE id = 317
2023-12-29T05:13:12.000000Z 4983 [Error] UPDATE products SET price = 86 WHERE id = 494
2023-12-02T03:02:00.000000Z 4659 [Error] DELETE FROM sessions WHERE expired = 1
2023-12-13T01:46:32.000000Z 3955 [Note] INSERT INTO logs (message) VALUES ('test913')
2023-12-27T22:58:44.000000Z 7496 [Error] INSERT INTO logs (message) VALUES ('test448')
2023-12-06T00:00:04.000000Z 2080 [Note] UPDATE products SET price = 27 WHERE id = 12
2023-12-27T18:45:13.000000Z 1316 [Note] INSERT INTO logs (message) VALUES ('test806')
2023-12-13T01:48:40.000000Z 6114 [Warning] INSERT INTO logs (message) VALUES ('test637')
2023-12-21T23:23:10.000000Z 6567 [Warning] SELECT * FROM users WHERE id = 991
2023-12-12T21:18:00.000000Z 2787 [Error] DELETE FROM sessions WHERE expired = 1
2023-12-02T03:52:57.000000Z 5255 [Note] SELECT * FROM users WHERE id = 483
2023-12-04T01:37:35.000000Z 2333 [Note] SELECT * FROM users WHERE id = 535
2023-12-12T11:28:14.000000Z 4854 [Warning] INSERT INTO logs (message) VALUES ('test805')
2023-12-29T09:50:16.000000Z 2977 [Warning] SELECT * FROM users WHERE id = 375
2023-12-06T00:18:49.000000Z 6774 [Warning] INSERT INTO logs (message) VALUES ('test293')
2023-12-21T04:25:36.000000Z 6810 [Error] UPDATE products SET price = 42 WHERE id = 384
2023-12-04T22:23:31.000000Z 1207 [Warning] DELETE FROM sessions WHERE expired = 1
2023-12-01T03:25:17.000000Z 5490 [Warning] SELECT * FROM users WHERE id = 736
2023-12-02T14:34:30.000000Z 9671 [Note] DELETE FROM sessions WHERE expired = 1
2023-12-06T10:24:00.000000Z 3731 [Note] UPDATE products SET price = 21 WHERE id = 89
2023-12-02T15:56:12.000000Z 4984 [Note] DELETE FROM sessions WHERE expired = 1
2023-12-05T10:14:35.000000Z 8547 [Error] INSERT INTO logs (message) VALUES ('test854')
2023-12-02T02:31:19.000000Z 4814 [Warning] SELECT * FROM users WHERE id = 518
2023-12-21T02:05:43.000000Z 6375 [Note] UPDATE products SET price = 21 WHERE id = 153
2023-12-29T05:27:06.000000Z 3696 [Note] DELETE FROM sessions WHERE expired = 1
2023-12-16T15:36:02.000000Z 9241 [Error] INSERT INTO logs (message) VALUES ('test419')
2023-12-25T23:55:45.000000Z 7204 [Note] DELETE FROM sessions WHERE expired = 1
2023-12-04T13:27:12.000000Z 7581 [Note] UPDATE products SET price = 65 WHERE id = 96
2023-12-30T02:16:23.000000Z 7094 [Error] INSERT INTO logs (message) VALUES ('test545')
2023-12-12T23:20:05.000000Z 2369 [Note] INSERT INTO logs (message) VALUES ('test694')
2023-12-14T07:04:09.000000Z 7485 [Warning] DELETE FROM sessions WHERE expired = 1
2023-12-01T22:01:36.000000Z 8865 [Error] INSERT INTO logs (message) VALUES ('test543')
2023-12-14T04:52:51.000000Z 2644 [Note] INSERT INTO logs (message) VALUES ('test403')
2023-12-14T00:22:17.000000Z 2345 [Warning] SELECT * FROM users WHERE id = 477
2023-12-28T21:25:04.000000Z 4296 [Error] DELETE FROM sessions WHERE expired = 1
2023-12-04T03:34:49.000000Z 7367 [Warning] DELETE FROM sessions WHERE expired = 1
2023-12-05T18:46:36.000000Z 1144 [Error] SELECT * FROM users WHERE id = 463
2023-12-06T19:10:28.000000Z 7945 [Error] SELECT * FROM users WHERE id = 733
2023-12-06T01:18:35.000000Z 4417 [Warning] DELETE FROM sessions WHERE expired = 1
2023-12-10T21:23:31.000000Z 4254 [Note] UPDATE products SET price = 13 WHERE id = 427
2023-12-09T18:01:39.000000Z 4554 [Note] INSERT INTO logs (message) VALUES ('test948')
2023-12-23T05:44:06.000000Z 9165 [Error] SELECT * FROM users WHERE id = 26
2023-12-08T14:35:01.000000Z 7358 [Note] UPDATE products SET price = 98 WHERE id = 257
2023-12-18T10:47:39.000000Z 1318 [Warning] UPDATE products SET price = 78 WHERE id = 63
2023-12-14T05:26:59.000000Z 8502 [Error] SELECT * FROM users WHERE id = 795
2023-12-24T17:30:39.000000Z 3691 [Note] INSERT INTO logs (message) VALUES ('test393')
2023-12-19T21:12:53.000000Z 3746 [Note] SELECT * FROM users WHERE id = 506
2023-12-19T17:19:31.000000Z 5748 [Warning] UPDATE products SET price = 36 WHERE id = 245
2023-12-28T19:44:53.000000Z 2671 [Error] UPDATE products SET price = 99 WHERE id = 194
2023-12-15T21:34:11.000000Z 7214 [Error] INSERT INTO logs (message) VALUES ('test985')
2023-12-06T01:27:14.000000Z 2261 [Note] INSERT INTO logs (message) VALUES ('test993')
2023-12-03T09:49:18.000000Z 3702 [Note] INSERT INTO logs (message) VALUES ('test567')
2023-12-02T23:56:20.000000Z 7853 [Note] SELECT * FROM users WHERE id = 350
2023-12-03T23:07:15.000000Z 3113 [Note] UPDATE products SET price = 31 WHERE id = 482
2023-12-03T17:11:19.000000Z 5196 [Note] SELECT * FROM users WHERE id = 918
2023-12-28T07:11:40.000000Z 6657 [Warning] SELECT * FROM users WHERE id = 239
2023-12-25T23:52:27.000000Z 3444 [Note] UPDATE products SET price = 57 WHERE id = 413
2023-12-16T06:17:54.000000Z 5130 [Error] SELECT * FROM users WHERE id = 523
2023-12-05T01:58:30.000000Z 2120 [Error] UPDATE products SET price = 59 WHERE id = 340
2023-12-02T19:03:18.000000Z 4151 [Error] SELECT * FROM users WHERE id = 844
2023-12-24T10:24:19.000000Z 5577 [Note] SELECT * FROM users WHERE id = 957
2023-12-07T10:01:13.000000Z 1295 [Error] UPDATE products SET price = 69 WHERE id = 419
2023-12-18T06:38:24.000000Z 9839 [Error] DELETE FROM sessions WHERE expired = 1
2023-12-17T08:29:41.000000Z 1543 [Note] DELETE FROM sessions WHERE expired = 1
2023-12-12T12:16:49.000000Z 2302 [Note] INSERT INTO logs (message) VALUES ('test527')
2023-12-21T23:11:09.000000Z 9897 [Note] DELETE FROM sessions WHERE expired = 1
2023-12-17T04:19:05.000000Z 5262 [Note] INSERT INTO logs (message) VALUES ('test732')
2023-12-28T05:19:23.000000Z 7535 [Note] SELECT * FROM users WHERE id = 754
2023-12-02T08:54:42.000000Z 8739 [Note] UPDATE products SET price = 13 WHERE id = 349
2023-12-15T14:06:31.000000Z 4290 [Error] SELECT * FROM users WHERE id = 518
2023-12-21T19:17:46.000000Z 1398 [Error] INSERT INTO logs (message) VALUES ('test81')
2023-12-19T20:11:00.000000Z 8099 [Note] INSERT INTO logs (message) VALUES ('test661')
2023-12-02T06:19:27.000000Z 8305 [Warning] UPDATE products SET price = 10 WHERE id = 139
2023-12-18T04:36:50.000000Z 2562 [Error] INSERT INTO logs (message) VALUES ('test60')
2023-12-20T04:30:36.000000Z 8580 [Note] INSERT INTO logs (message) VALUES ('test163')
2023-12-12T08:05:42.000000Z 6414 [Warning] UPDATE products SET price = 48 WHERE id = 217
2023-12-15T17:00:00.000000Z 4567 [Note] SELECT * FROM table_10 WHERE id = 100
2023-12-15T17:06:00.000000Z 4567 [Note] SELECT * FROM table_13 WHERE id = 107
2023-12-15T17:12:00.000000Z 4567 [Note] SELECT * FROM table_16 WHERE id = 114
2023-12-15T17:18:00.000000Z 4567 [Note] SELECT * FROM table_19 WHERE id = 121
2023-12-15T17:24:00.000000Z 4567 [Note] SELECT * FROM table_22 WHERE id = 128
2023-12-15T17:30:00.000000Z 4567 [Note] SELECT * FROM table_25 WHERE id = 135
2023-12-15T17:36:00.000000Z 4567 [Note] SELECT * FROM table_28 WHERE id = 142
2023-12-15T17:42:00.000000Z 4567 [Note] SELECT * FROM table_31 WHERE id = 149
2023-12-15T17:48:00.000000Z 4567 [Note] SELECT * FROM table_34 WHERE id = 156
2023-12-15T17:54:00.000000Z 4567 [Note] SELECT * FROM table_37 WHERE id = 163
2023-12-15T18:00:00.000000Z 4567 [Note] SELECT * FROM table_40 WHERE id = 170
2023-12-15T18:06:00.000000Z 4567 [Note] SELECT * FROM table_43 WHERE id = 177
2023-12-15T18:00:00.000000Z 8901 [Note] INSERT INTO config (key, value) VALUES (0x5365637265744b6579, 'encrypted_data')
